<?xml version="1.0" encoding="UTF-8"?>
<persistence version="2.0" xmlns="http://java.sun.com/xml/ns/persistence" xmlns:xsi="http://www.w3.org/2001/XMLSchema-instance"
  xsi:schemaLocation="http://java.sun.com/xml/ns/persistence http://java.sun.com/xml/ns/persistence/persistence_2_0.xsd">
  <persistence-unit name="primary">
    <jta-data-source>java:jboss/datasources/restTestDS</jta-data-source>
    <properties>
      <property name="hibernate.hbm2ddl.auto" value="create-drop" />
      <property name="hibernate.show_sql" value="false" />
      <property name="hibernate.cache.use_second_level_cache" value="false" />
      <property name="hibernate.cache.use_query_cache" value="false" />
      <property name="hibernate.search.default.directory_provider" value="ram" />
    </properties>
  </persistence-unit>
</persistence>
